<?xml version="1.0" encoding="UTF-8"?>
<testng-results skipped="0" failed="0" ignored="0" total="1" passed="1">
  <reporter-output>
    <line>
      <![CDATA[<===================Passed The Test User is Verified============>]]>
    </line>
  </reporter-output>
  <suite name="Default suite" duration-ms="47918" started-at="2019-06-08T10:57:59Z" finished-at="2019-06-08T10:58:47Z">
    <groups>
    </groups>
    <test name="Default test" duration-ms="47918" started-at="2019-06-08T10:57:59Z" finished-at="2019-06-08T10:58:47Z">
      <class name="Testcases.EnterPasswordTest">
        <test-method status="PASS" signature="setUp()[pri:0, instance:Testcases.EnterPasswordTest@d8355a8]" name="setUp" is-config="true" duration-ms="32677" started-at="2019-06-08T10:57:59Z" finished-at="2019-06-08T10:58:31Z">
          <reporter-output>
          </reporter-output>
        </test-method> <!-- setUp -->
        <test-method status="PASS" signature="EnterPasswordTest()[pri:1, instance:Testcases.EnterPasswordTest@d8355a8]" name="EnterPasswordTest" duration-ms="10026" started-at="2019-06-08T10:58:31Z" finished-at="2019-06-08T10:58:41Z">
          <reporter-output>
            <line>
              <![CDATA[<===================Passed The Test User is Verified============>]]>
            </line>
          </reporter-output>
        </test-method> <!-- EnterPasswordTest -->
        <test-method status="PASS" signature="tearDown()[pri:0, instance:Testcases.EnterPasswordTest@d8355a8]" name="tearDown" is-config="true" duration-ms="5155" started-at="2019-06-08T10:58:41Z" finished-at="2019-06-08T10:58:47Z">
          <reporter-output>
          </reporter-output>
        </test-method> <!-- tearDown -->
      </class> <!-- Testcases.EnterPasswordTest -->
    </test> <!-- Default test -->
  </suite> <!-- Default suite -->
</testng-results>
