<?xml version="1.0" encoding="UTF-8"?>
<!-- Generated by org.testng.reporters.JUnitXMLReporter -->
<testsuite hostname="DELL-PC" ignored="0" name="Test" tests="4" failures="0" timestamp="08 Jun 2019 07:51:32 GMT" time="67.116" errors="0">
  <testcase name="enterTheEmailTest" time="1.73" classname="Testcases.EnterEmailTest"/>
  <testcase name="EnterPasswordTest" time="4.056" classname="Testcases.EnterPasswordTest"/>
  <testcase name="verifyAmazonLogoTest" time="1.142" classname="Testcases.HomePageSigninTest"/>
  <testcase name="clickOnLoginLinkTest" time="1.508" classname="Testcases.HomePageSigninTest"/>
</testsuite> <!-- Test -->
