<?xml version="1.0" encoding="UTF-8"?>
<!-- Generated by org.testng.reporters.JUnitXMLReporter -->
<testsuite hostname="DELL-PC" ignored="0" name="Test" tests="4" failures="0" timestamp="10 Jun 2019 18:06:33 GMT" time="67.951" errors="0">
  <testcase name="enterTheEmailTest" time="1.465" classname="Testcases.EnterEmailTest"/>
  <testcase name="EnterPasswordTest" time="6.764" classname="Testcases.EnterPasswordTest"/>
  <testcase name="verifyAmazonLogoTest" time="0.974" classname="Testcases.HomePageSigninTest"/>
  <testcase name="clickOnLoginLinkTest" time="1.364" classname="Testcases.HomePageSigninTest"/>
</testsuite> <!-- Test -->
